<?xml version="1.0" encoding="UTF-8"?>
<testng-results ignored="0" total="1" passed="1" failed="0" skipped="0">
  <reporter-output>
  </reporter-output>
  <suite started-at="2021-10-18T15:45:10 EDT" name="Suite" finished-at="2021-10-18T15:45:43 EDT" duration-ms="33253">
    <groups>
      <group name="smoke">
        <method signature="Login.validLogin(java.lang.String, java.lang.String)[pri:0, instance:com.facebook.testcases.Login@161b062a]" name="validLogin" class="com.facebook.testcases.Login"/>
      </group> <!-- smoke -->
    </groups>
    <test started-at="2021-10-18T15:45:10 EDT" name="Test" finished-at="2021-10-18T15:45:43 EDT" duration-ms="33253">
      <class name="com.facebook.testcases.Login">
        <test-method is-config="true" signature="generateReport()[pri:0, instance:com.facebook.testcases.Login@161b062a]" started-at="2021-10-18T15:45:10 EDT" name="generateReport" finished-at="2021-10-18T15:45:10 EDT" duration-ms="347" status="PASS">
          <reporter-output>
          </reporter-output>
        </test-method> <!-- generateReport -->
        <test-method is-config="true" signature="setUp()[pri:0, instance:com.facebook.testcases.Login@161b062a]" started-at="2021-10-18T15:45:10 EDT" name="setUp" finished-at="2021-10-18T15:45:15 EDT" duration-ms="4439" status="PASS">
          <reporter-output>
          </reporter-output>
        </test-method> <!-- setUp -->
        <test-method signature="validLogin(java.lang.String, java.lang.String)[pri:0, instance:com.facebook.testcases.Login@161b062a]" started-at="2021-10-18T15:45:15 EDT" name="validLogin" data-provider="userInfo" finished-at="2021-10-18T15:45:16 EDT" duration-ms="635" status="PASS">
          <params>
            <param index="0">
              <value>
                <![CDATA[johnDoe@gmail.com]]>
              </value>
            </param>
            <param index="1">
              <value>
                <![CDATA[123456]]>
              </value>
            </param>
          </params>
          <reporter-output>
          </reporter-output>
        </test-method> <!-- validLogin -->
        <test-method is-config="true" signature="tearDown()[pri:0, instance:com.facebook.testcases.Login@161b062a]" started-at="2021-10-18T15:45:43 EDT" name="tearDown" finished-at="2021-10-18T15:45:43 EDT" duration-ms="152" status="PASS">
          <reporter-output>
          </reporter-output>
        </test-method> <!-- tearDown -->
        <test-method is-config="true" signature="writeReport()[pri:0, instance:com.facebook.testcases.Login@161b062a]" started-at="2021-10-18T15:45:43 EDT" name="writeReport" finished-at="2021-10-18T15:45:43 EDT" duration-ms="406" status="PASS">
          <reporter-output>
          </reporter-output>
        </test-method> <!-- writeReport -->
      </class> <!-- com.facebook.testcases.Login -->
    </test> <!-- Test -->
  </suite> <!-- Suite -->
</testng-results>
